2023/10/10 15:57:58 - - - - - - -[GCS-Info-Catch] started - - - - - - -
{"status":"Pulling from base-images/deepspeed091_python382_pytorch112_cuda116_pjx","id":"v1.4"}
{"status":"Digest: sha256:fe15976e2750cd8809f46c4a74d94aab35f0da5253efa431a6adefb2524437fb"}
{"status":"Status: Image is up to date for 172.18.127.68:80/base-images/deepspeed091_python382_pytorch112_cuda116_pjx:v1.4"}
2023/10/10 15:57:59 - - - - - - -[GCS-Info-Catch] exited - - - - - - -
2023/10/10 15:58:34 - - - - - - -[GCS-Info-Catch] started - - - - - - -
{"status":"Pulling from base-images/deepspeed091_python382_pytorch112_cuda116_pjx","id":"v1.4"}
{"status":"Digest: sha256:fe15976e2750cd8809f46c4a74d94aab35f0da5253efa431a6adefb2524437fb"}
{"status":"Status: Image is up to date for 172.18.127.68:80/base-images/deepspeed091_python382_pytorch112_cuda116_pjx:v1.4"}
2023/10/10 15:58:35 - - - - - - -[GCS-Info-Catch] exited - - - - - - -
2023/10/10 16:03:10 - - - - - - -[GCS-Info-Catch] started - - - - - - -
{"status":"Pulling from base-images/deepspeed091_python382_pytorch112_cuda116_pjx","id":"v1.4"}
{"status":"Digest: sha256:fe15976e2750cd8809f46c4a74d94aab35f0da5253efa431a6adefb2524437fb"}
{"status":"Status: Image is up to date for 172.18.127.68:80/base-images/deepspeed091_python382_pytorch112_cuda116_pjx:v1.4"}
2023/10/10 16:03:11 - - - - - - -[GCS-Info-Catch] exited - - - - - - -
panic: Error response from daemon: failed to create task for container: failed to create shim task: OCI runtime create failed: runc create failed: unable to start container process: exec: "tail -f /dev/null": stat tail -f /dev/null: no such file or directory: unknown

goroutine 1 [running]:
main.docker_test()
	/root/go/src/GCS-Info-Catch/docker_system.go:208 +0xd96
main.main()
	/root/go/src/GCS-Info-Catch/main.go:40 +0x43e
2023/10/10 16:03:40 - - - - - - -[GCS-Info-Catch] started - - - - - - -
{"status":"Pulling from base-images/deepspeed091_python382_pytorch112_cuda116_pjx","id":"v1.4"}
{"status":"Digest: sha256:fe15976e2750cd8809f46c4a74d94aab35f0da5253efa431a6adefb2524437fb"}
{"status":"Status: Image is up to date for 172.18.127.68:80/base-images/deepspeed091_python382_pytorch112_cuda116_pjx:v1.4"}
Tue Oct 10 08:03:41 2023       
+-----------------------------------------------------------------------------+
| NVIDIA-SMI 520.61.05    Driver Version: 520.61.05    CUDA Version: 11.8     |
|-------------------------------+----------------------+----------------------+
| GPU  Name        Persistence-M| Bus-Id        Disp.A | Volatile Uncorr. ECC |
| Fan  Temp  Perf  Pwr:Usage/Cap|         Memory-Usage | GPU-Util  Compute M. |
|                               |                      |               MIG M. |
|===============================+======================+======================|
|   0  NVIDIA A800-SXM...  On   | 00000000:3D:00.0 Off |                    0 |
| N/A   36C    P0    62W / 400W |      0MiB / 81920MiB |      0%      Default |
|                               |                      |             Disabled |
+-------------------------------+----------------------+----------------------+
|   1  NVIDIA A800-SXM...  On   | 00000000:42:00.0 Off |                    0 |
| N/A   59C    P0   370W / 400W |  63027MiB / 81920MiB |    100%      Default |
|                               |                      |             Disabled |
+-------------------------------+----------------------+----------------------+
|   2  NVIDIA A800-SXM...  On   | 00000000:61:00.0 Off |                    0 |
| N/A   57C    P0   339W / 400W |  61901MiB / 81920MiB |    100%      Default |
|                               |                      |             Disabled |
+-------------------------------+----------------------+----------------------+
|   3  NVIDIA A800-SXM...  On   | 00000000:67:00.0 Off |                    0 |
| N/A   66C    P0   298W / 400W |  62605MiB / 81920MiB |    100%      Default |
|                               |                      |             Disabled |
+-------------------------------+----------------------+----------------------+
|   4  NVIDIA A800-SXM...  On   | 00000000:AD:00.0 Off |                    0 |
| N/A   64C    P0   290W / 400W |  62127MiB / 81920MiB |    100%      Default |
|                               |                      |             Disabled |
+-------------------------------+----------------------+----------------------+
|   5  NVIDIA A800-SXM...  On   | 00000000:B1:00.0 Off |                    0 |
| N/A   55C    P0   243W / 400W |  62783MiB / 81920MiB |    100%      Default |
|                               |                      |             Disabled |
+-------------------------------+----------------------+----------------------+
|   6  NVIDIA A800-SXM...  On   | 00000000:D0:00.0 Off |                    0 |
| N/A   53C    P0   331W / 400W |  62557MiB / 81920MiB |    100%      Default |
|                               |                      |             Disabled |
+-------------------------------+----------------------+----------------------+
|   7  NVIDIA A800-SXM...  On   | 00000000:D3:00.0 Off |                    0 |
| N/A   66C    P0   349W / 400W |  61941MiB / 81920MiB |    100%      Default |
|                               |                      |             Disabled |
+-------------------------------+----------------------+----------------------+
                                                                               
+-----------------------------------------------------------------------------+
| Processes:                                                                  |
|  GPU   GI   CI        PID   Type   Process name                  GPU Memory |
|        ID   ID                                                   Usage      |
|=============================================================================|
+-----------------------------------------------------------------------------+
2023/10/10 16:03:42 - - - - - - -[GCS-Info-Catch] exited - - - - - - -
2023/10/10 16:10:50 - - - - - - -[GCS-Info-Catch] started - - - - - - -
{"status":"Pulling from base-images/deepspeed091_python382_pytorch112_cuda116_pjx","id":"v1.4"}
{"status":"Digest: sha256:fe15976e2750cd8809f46c4a74d94aab35f0da5253efa431a6adefb2524437fb"}
{"status":"Status: Image is up to date for 172.18.127.68:80/base-images/deepspeed091_python382_pytorch112_cuda116_pjx:v1.4"}
